=== Update Script Log - Sun Feb 16 21:00:46 CET 2025 ===
-e 2025-02-16 21:00:46 - 
[1;33m=== Starting Update Process ===[0m
-e 2025-02-16 21:00:46 - Configuration:
-e 2025-02-16 21:00:46 - - Repository Owner: twardoch
-e 2025-02-16 21:00:46 - - CI Wait Time: 30 seconds
-e 2025-02-16 21:00:46 - - Dry Run: false
-e 2025-02-16 21:00:46 - - Skip CI: false
-e 2025-02-16 21:00:46 - [1;33mInitializing/updating submodules...[0m
-e 2025-02-16 21:00:48 - 
[1;33mUpdating main repository...[0m
-e 2025-02-16 21:00:48 - [1;33mNo changes in LOG.md[0m
-e 2025-02-16 21:00:49 - [1;33mNo changes in README.md[0m
-e 2025-02-16 21:00:49 - [1;33mNo changes in TODO.md[0m
-e 2025-02-16 21:00:49 - 
[1;33m=== Updating twardown-py ===[0m
-e 2025-02-16 21:00:49 - [1;33mNo changes in twardown-py/LOG.md[0m
-e 2025-02-16 21:00:49 - [1;33mNo changes in twardown-py/README.md[0m
-e 2025-02-16 21:00:49 - [1;33mNo changes to commit in twardown-py[0m
-e 2025-02-16 21:00:49 - 
[1;33m=== Updating twardown-js ===[0m
-e 2025-02-16 21:00:49 - [1;33mNo changes in twardown-js/LOG.md[0m
-e 2025-02-16 21:00:49 - [1;33mNo changes in twardown-js/README.md[0m
-e 2025-02-16 21:00:49 - [1;33mCommitting changes in twardown-js[0m
-e 2025-02-16 21:00:49 - [1;33mPushing changes to twardown-js[0m
-e 2025-02-16 21:00:50 - [1;33mWaiting for CI to start...[0m
-e 2025-02-16 21:01:21 - [0;31mCI not passing for twardown-js (status: failure)[0m
